<?xml version="1.0" encoding="UTF-8"?>
<!-- Generated by org.testng.reporters.JUnitReportReporter -->
<testsuite skipped="0" hostname="VBegari" name="testng_pack.Testng_app" tests="3" failures="0" timestamp="10 Jul 2019 11:00:31 GMT" time="7.170" errors="0">
  <testcase name="flight_click" time="2.266" classname="testng_pack.Testng_app"/>
  <testcase name="reg_click" time="2.294" classname="testng_pack.Testng_app"/>
  <testcase name="signon_click" time="2.610" classname="testng_pack.Testng_app"/>
</testsuite> <!-- testng_pack.Testng_app -->
