<?xml version="1.0" encoding="UTF-8"?>
<!-- Generated by org.testng.reporters.JUnitReportReporter -->
<testsuite skipped="0" hostname="VBegari" name="testng_pack.DataProvide" tests="3" failures="0" timestamp="12 Jul 2019 12:07:47 GMT" time="36.692" errors="0">
  <testcase name="f" time="11.965" classname="testng_pack.DataProvide"/>
  <testcase name="f" time="13.656" classname="testng_pack.DataProvide"/>
  <testcase name="f" time="11.071" classname="testng_pack.DataProvide"/>
</testsuite> <!-- testng_pack.DataProvide -->
