<?xml version="1.0" encoding="UTF-8"?>
<!-- Generated by org.testng.reporters.JUnitReportReporter -->
<testsuite skipped="0" hostname="VBegari" name="testng_pack.Sample" tests="3" failures="0" timestamp="10 Jul 2019 04:42:19 GMT" time="0.008" errors="0">
  <testcase name="t3" time="0.003" classname="testng_pack.Sample"/>
  <testcase name="t1" time="0.001" classname="testng_pack.Sample"/>
  <testcase name="t2" time="0.004" classname="testng_pack.Sample"/>
</testsuite> <!-- testng_pack.Sample -->
