<?xml version="1.0" encoding="UTF-8"?>
<!-- Generated by org.testng.reporters.JUnitReportReporter -->
<testsuite skipped="0" hostname="VBegari" name="testng_pack.Test2" tests="1" failures="0" timestamp="12 Jul 2019 10:12:40 GMT" time="13.985" errors="0">
  <testcase name="signon_click" time="13.985" classname="testng_pack.Test2"/>
</testsuite> <!-- testng_pack.Test2 -->
